<?xml version="1.0" encoding="UTF-8"?>
<!-- Generated by org.testng.reporters.JUnitReportReporter -->
<testsuite name="ratos.testngRunner" tests="1" time="45.891" ignored="9" failures="0" timestamp="18 Apr 2021 09:47:46 GMT" skipped="0" hostname="DESKTOP-D5AMLUU" errors="0">
  <testcase name="TC_10_Recruiter_search_quick_search" time="45.891" classname="ratos.testngRunner"/>
  <testcase name="TC_05_create_new_user_management" classname="ratos.testngRunner">
    <skipped/>
  </testcase> <!-- TC_05_create_new_user_management -->
  <testcase name="TC_01_login_and_create_jobs" classname="ratos.testngRunner">
    <skipped/>
  </testcase> <!-- TC_01_login_and_create_jobs -->
  <testcase name="TC_04_jobs_Delete" classname="ratos.testngRunner">
    <skipped/>
  </testcase> <!-- TC_04_jobs_Delete -->
  <testcase name="TC_06_user_delete" classname="ratos.testngRunner">
    <skipped/>
  </testcase> <!-- TC_06_user_delete -->
  <testcase name="TC_09_candidate_resume_uploading" classname="ratos.testngRunner">
    <skipped/>
  </testcase> <!-- TC_09_candidate_resume_uploading -->
  <testcase name="TC_08_edit_user" classname="ratos.testngRunner">
    <skipped/>
  </testcase> <!-- TC_08_edit_user -->
  <testcase name="TC_07_user_screen_search" classname="ratos.testngRunner">
    <skipped/>
  </testcase> <!-- TC_07_user_screen_search -->
  <testcase name="TC_02_View_jobs_screen" classname="ratos.testngRunner">
    <skipped/>
  </testcase> <!-- TC_02_View_jobs_screen -->
  <testcase name="TC_03_jobs_Edit" classname="ratos.testngRunner">
    <skipped/>
  </testcase> <!-- TC_03_jobs_Edit -->
</testsuite> <!-- ratos.testngRunner -->
